<?xml version="1.0" encoding="UTF-8"?>
<testng-results skipped="0" failed="0" total="2" passed="2">
  <reporter-output>
  </reporter-output>
  <suite name="Default suite" duration-ms="76073" started-at="2021-09-10T06:59:57Z" finished-at="2021-09-10T07:01:13Z">
    <groups>
    </groups>
    <test name="Default test" duration-ms="76073" started-at="2021-09-10T06:59:57Z" finished-at="2021-09-10T07:01:13Z">
      <class name="com.testng.check.EbayLaunch">
        <test-method status="PASS" signature="setUp()[pri:0, instance:com.testng.check.EbayLaunch@5c7fa833]" name="setUp" is-config="true" duration-ms="40337" started-at="2021-09-10T12:29:57Z" finished-at="2021-09-10T12:30:37Z">
          <reporter-output>
          </reporter-output>
        </test-method> <!-- setUp -->
        <test-method status="PASS" signature="clickAdvanced()[pri:0, instance:com.testng.check.EbayLaunch@5c7fa833]" name="clickAdvanced" duration-ms="6515" started-at="2021-09-10T12:30:37Z" finished-at="2021-09-10T12:30:44Z">
          <reporter-output>
          </reporter-output>
        </test-method> <!-- clickAdvanced -->
        <test-method status="PASS" signature="tearDown()[pri:0, instance:com.testng.check.EbayLaunch@5c7fa833]" name="tearDown" is-config="true" duration-ms="9166" started-at="2021-09-10T12:30:44Z" finished-at="2021-09-10T12:30:53Z">
          <reporter-output>
          </reporter-output>
        </test-method> <!-- tearDown -->
        <test-method status="PASS" signature="setUp()[pri:0, instance:com.testng.check.EbayLaunch@5c7fa833]" name="setUp" is-config="true" duration-ms="9961" started-at="2021-09-10T12:30:53Z" finished-at="2021-09-10T12:31:03Z">
          <reporter-output>
          </reporter-output>
        </test-method> <!-- setUp -->
        <test-method status="PASS" signature="clickShopCategoryCollectibles()[pri:0, instance:com.testng.check.EbayLaunch@5c7fa833]" name="clickShopCategoryCollectibles" duration-ms="5727" started-at="2021-09-10T12:31:03Z" finished-at="2021-09-10T12:31:09Z">
          <reporter-output>
          </reporter-output>
        </test-method> <!-- clickShopCategoryCollectibles -->
        <test-method status="PASS" signature="tearDown()[pri:0, instance:com.testng.check.EbayLaunch@5c7fa833]" name="tearDown" is-config="true" duration-ms="4300" started-at="2021-09-10T12:31:09Z" finished-at="2021-09-10T12:31:13Z">
          <reporter-output>
          </reporter-output>
        </test-method> <!-- tearDown -->
      </class> <!-- com.testng.check.EbayLaunch -->
    </test> <!-- Default test -->
  </suite> <!-- Default suite -->
</testng-results>
