<?xml version="1.0" encoding="UTF-8"?>
<testng-results skipped="0" failed="0" ignored="0" total="2" passed="2">
  <reporter-output>
  </reporter-output>
  <suite name="Default suite" duration-ms="102633" started-at="2021-09-10T04:39:44Z" finished-at="2021-09-10T04:41:27Z">
    <groups>
    </groups>
    <test name="Default test" duration-ms="102633" started-at="2021-09-10T04:39:44Z" finished-at="2021-09-10T04:41:27Z">
      <class name="com.testng.check.EbayLaunch">
        <test-method status="PASS" signature="setUp()[pri:0, instance:com.testng.check.EbayLaunch@91161c7]" name="setUp" is-config="true" duration-ms="44795" started-at="2021-09-10T04:39:44Z" finished-at="2021-09-10T04:40:29Z">
          <reporter-output>
          </reporter-output>
        </test-method> <!-- setUp -->
        <test-method status="PASS" signature="clickAdvanced()[pri:0, instance:com.testng.check.EbayLaunch@91161c7]" name="clickAdvanced" duration-ms="29607" started-at="2021-09-10T04:40:29Z" finished-at="2021-09-10T04:40:59Z">
          <reporter-output>
          </reporter-output>
        </test-method> <!-- clickAdvanced -->
        <test-method status="PASS" signature="tearDown()[pri:0, instance:com.testng.check.EbayLaunch@91161c7]" name="tearDown" is-config="true" duration-ms="6498" started-at="2021-09-10T04:40:59Z" finished-at="2021-09-10T04:41:05Z">
          <reporter-output>
          </reporter-output>
        </test-method> <!-- tearDown -->
        <test-method status="PASS" signature="setUp()[pri:0, instance:com.testng.check.EbayLaunch@91161c7]" name="setUp" is-config="true" duration-ms="13669" started-at="2021-09-10T04:41:05Z" finished-at="2021-09-10T04:41:19Z">
          <reporter-output>
          </reporter-output>
        </test-method> <!-- setUp -->
        <test-method status="PASS" signature="clickShopCategoryCollectibles()[pri:1, instance:com.testng.check.EbayLaunch@91161c7]" name="clickShopCategoryCollectibles" duration-ms="3713" started-at="2021-09-10T04:41:19Z" finished-at="2021-09-10T04:41:23Z">
          <reporter-output>
          </reporter-output>
        </test-method> <!-- clickShopCategoryCollectibles -->
        <test-method status="PASS" signature="tearDown()[pri:0, instance:com.testng.check.EbayLaunch@91161c7]" name="tearDown" is-config="true" duration-ms="4304" started-at="2021-09-10T04:41:23Z" finished-at="2021-09-10T04:41:27Z">
          <reporter-output>
          </reporter-output>
        </test-method> <!-- tearDown -->
      </class> <!-- com.testng.check.EbayLaunch -->
    </test> <!-- Default test -->
  </suite> <!-- Default suite -->
</testng-results>
